{"C:\\Users\\Limbu Mbg Sujata\\HamroLaundry-Web\\Backend\\server.js": {"path":"C:\\Users\\Limbu Mbg Sujata\\HamroLaundry-Web\\Backend\\server.js","statementMap":{"0":{"start":{"line":1,"column":16},"end":{"line":1,"column":34}},"1":{"start":{"line":2,"column":13},"end":{"line":2,"column":28}},"2":{"start":{"line":3,"column":15},"end":{"line":3,"column":32}},"3":{"start":{"line":4,"column":13},"end":{"line":4,"column":37}},"4":{"start":{"line":5,"column":21},"end":{"line":5,"column":53}},"5":{"start":{"line":6,"column":18},"end":{"line":6,"column":47}},"6":{"start":{"line":7,"column":22},"end":{"line":7,"column":55}},"7":{"start":{"line":8,"column":13},"end":{"line":8,"column":28}},"8":{"start":{"line":9,"column":0},"end":{"line":9,"column":16}},"9":{"start":{"line":11,"column":12},"end":{"line":11,"column":21}},"10":{"start":{"line":13,"column":0},"end":{"line":13,"column":16}},"11":{"start":{"line":14,"column":0},"end":{"line":14,"column":24}},"12":{"start":{"line":15,"column":0},"end":{"line":15,"column":27}},"13":{"start":{"line":16,"column":0},"end":{"line":16,"column":30}},"14":{"start":{"line":17,"column":0},"end":{"line":17,"column":40}},"15":{"start":{"line":19,"column":13},"end":{"line":19,"column":37}},"16":{"start":{"line":21,"column":0},"end":{"line":24,"column":3}},"17":{"start":{"line":22,"column":2},"end":{"line":22,"column":35}},"18":{"start":{"line":23,"column":2},"end":{"line":23,"column":37}},"19":{"start":{"line":26,"column":0},"end":{"line":26,"column":69}},"20":{"start":{"line":28,"column":0},"end":{"line":31,"column":3}},"21":{"start":{"line":29,"column":17},"end":{"line":29,"column":58}},"22":{"start":{"line":30,"column":2},"end":{"line":30,"column":24}},"23":{"start":{"line":37,"column":0},"end":{"line":41,"column":1}},"24":{"start":{"line":38,"column":2},"end":{"line":40,"column":5}},"25":{"start":{"line":39,"column":4},"end":{"line":39,"column":44}},"26":{"start":{"line":42,"column":0},"end":{"line":42,"column":21}}},"fnMap":{"0":{"name":"(anonymous_0)","decl":{"start":{"line":21,"column":13},"end":{"line":21,"column":14}},"loc":{"start":{"line":21,"column":27},"end":{"line":24,"column":1}},"line":21},"1":{"name":"(anonymous_1)","decl":{"start":{"line":28,"column":22},"end":{"line":28,"column":23}},"loc":{"start":{"line":28,"column":42},"end":{"line":31,"column":1}},"line":28},"2":{"name":"(anonymous_2)","decl":{"start":{"line":38,"column":19},"end":{"line":38,"column":20}},"loc":{"start":{"line":38,"column":25},"end":{"line":40,"column":3}},"line":38}},"branchMap":{"0":{"loc":{"start":{"line":19,"column":13},"end":{"line":19,"column":37}},"type":"binary-expr","locations":[{"start":{"line":19,"column":13},"end":{"line":19,"column":29}},{"start":{"line":19,"column":33},"end":{"line":19,"column":37}}],"line":19},"1":{"loc":{"start":{"line":37,"column":0},"end":{"line":41,"column":1}},"type":"if","locations":[{"start":{"line":37,"column":0},"end":{"line":41,"column":1}},{"start":{},"end":{}}],"line":37}},"s":{"0":10,"1":10,"2":10,"3":10,"4":10,"5":10,"6":10,"7":10,"8":10,"9":10,"10":10,"11":10,"12":10,"13":10,"14":10,"15":10,"16":10,"17":0,"18":0,"19":10,"20":10,"21":0,"22":0,"23":10,"24":0,"25":0,"26":10},"f":{"0":0,"1":0,"2":0},"b":{"0":[10,0],"1":[0,10]},"_coverageSchema":"1a1c01bbd47fc00a2c39e90264f33305004495a9","hash":"e8f69114cd5e2e4940969519fa5327816c59c5d6"}
,"C:\\Users\\Limbu Mbg Sujata\\HamroLaundry-Web\\Backend\\controller\\bookingController.js": {"path":"C:\\Users\\Limbu Mbg Sujata\\HamroLaundry-Web\\Backend\\controller\\bookingController.js","statementMap":{"0":{"start":{"line":1,"column":45},"end":{"line":1,"column":77}},"1":{"start":{"line":2,"column":25},"end":{"line":2,"column":54}},"2":{"start":{"line":3,"column":13},"end":{"line":3,"column":38}},"3":{"start":{"line":5,"column":19},"end":{"line":116,"column":1}},"4":{"start":{"line":6,"column":2},"end":{"line":115,"column":3}},"5":{"start":{"line":7,"column":50},"end":{"line":7,"column":58}},"6":{"start":{"line":9,"column":4},"end":{"line":13,"column":5}},"7":{"start":{"line":10,"column":6},"end":{"line":12,"column":9}},"8":{"start":{"line":16,"column":20},"end":{"line":16,"column":69}},"9":{"start":{"line":18,"column":16},"end":{"line":18,"column":17}},"10":{"start":{"line":19,"column":22},"end":{"line":19,"column":24}},"11":{"start":{"line":22,"column":4},"end":{"line":67,"column":5}},"12":{"start":{"line":24,"column":6},"end":{"line":29,"column":8}},"13":{"start":{"line":31,"column":6},"end":{"line":45,"column":8}},"14":{"start":{"line":47,"column":6},"end":{"line":47,"column":40}},"15":{"start":{"line":49,"column":21},"end":{"line":56,"column":7}},"16":{"start":{"line":57,"column":6},"end":{"line":57,"column":48}},"17":{"start":{"line":58,"column":6},"end":{"line":66,"column":7}},"18":{"start":{"line":59,"column":24},"end":{"line":59,"column":38}},"19":{"start":{"line":62,"column":10},"end":{"line":64,"column":36}},"20":{"start":{"line":65,"column":8},"end":{"line":65,"column":34}},"21":{"start":{"line":69,"column":23},"end":{"line":76,"column":5}},"22":{"start":{"line":78,"column":17},"end":{"line":78,"column":35}},"23":{"start":{"line":80,"column":4},"end":{"line":87,"column":6}},"24":{"start":{"line":90,"column":4},"end":{"line":104,"column":5}},"25":{"start":{"line":91,"column":6},"end":{"line":99,"column":9}},"26":{"start":{"line":101,"column":6},"end":{"line":101,"column":54}},"27":{"start":{"line":103,"column":6},"end":{"line":103,"column":56}},"28":{"start":{"line":105,"column":4},"end":{"line":108,"column":7}},"29":{"start":{"line":110,"column":4},"end":{"line":110,"column":23}},"30":{"start":{"line":112,"column":4},"end":{"line":114,"column":7}},"31":{"start":{"line":118,"column":20},"end":{"line":165,"column":1}},"32":{"start":{"line":119,"column":2},"end":{"line":164,"column":3}},"33":{"start":{"line":120,"column":19},"end":{"line":155,"column":10}},"34":{"start":{"line":157,"column":4},"end":{"line":157,"column":26}},"35":{"start":{"line":159,"column":4},"end":{"line":159,"column":21}},"36":{"start":{"line":161,"column":4},"end":{"line":163,"column":7}},"37":{"start":{"line":167,"column":22},"end":{"line":217,"column":1}},"38":{"start":{"line":168,"column":17},"end":{"line":168,"column":27}},"39":{"start":{"line":169,"column":21},"end":{"line":169,"column":29}},"40":{"start":{"line":171,"column":2},"end":{"line":216,"column":3}},"41":{"start":{"line":173,"column":19},"end":{"line":179,"column":5}},"42":{"start":{"line":181,"column":20},"end":{"line":181,"column":34}},"43":{"start":{"line":184,"column":23},"end":{"line":191,"column":5}},"44":{"start":{"line":193,"column":17},"end":{"line":193,"column":35}},"45":{"start":{"line":196,"column":4},"end":{"line":204,"column":7}},"46":{"start":{"line":206,"column":4},"end":{"line":209,"column":7}},"47":{"start":{"line":211,"column":4},"end":{"line":211,"column":21}},"48":{"start":{"line":213,"column":4},"end":{"line":215,"column":7}},"49":{"start":{"line":219,"column":21},"end":{"line":252,"column":1}},"50":{"start":{"line":220,"column":2},"end":{"line":251,"column":3}},"51":{"start":{"line":221,"column":19},"end":{"line":243,"column":6}},"52":{"start":{"line":245,"column":4},"end":{"line":245,"column":26}},"53":{"start":{"line":247,"column":4},"end":{"line":247,"column":21}},"54":{"start":{"line":248,"column":4},"end":{"line":250,"column":7}},"55":{"start":{"line":254,"column":20},"end":{"line":267,"column":1}},"56":{"start":{"line":255,"column":2},"end":{"line":266,"column":3}},"57":{"start":{"line":256,"column":19},"end":{"line":260,"column":10}},"58":{"start":{"line":262,"column":4},"end":{"line":262,"column":26}},"59":{"start":{"line":264,"column":4},"end":{"line":264,"column":21}},"60":{"start":{"line":265,"column":4},"end":{"line":265,"column":54}},"61":{"start":{"line":269,"column":22},"end":{"line":323,"column":1}},"62":{"start":{"line":270,"column":21},"end":{"line":270,"column":31}},"63":{"start":{"line":272,"column":2},"end":{"line":322,"column":3}},"64":{"start":{"line":273,"column":19},"end":{"line":314,"column":5}},"65":{"start":{"line":316,"column":4},"end":{"line":316,"column":26}},"66":{"start":{"line":318,"column":4},"end":{"line":318,"column":21}},"67":{"start":{"line":319,"column":4},"end":{"line":321,"column":7}},"68":{"start":{"line":325,"column":22},"end":{"line":356,"column":1}},"69":{"start":{"line":326,"column":2},"end":{"line":355,"column":3}},"70":{"start":{"line":327,"column":19},"end":{"line":327,"column":29}},"71":{"start":{"line":329,"column":19},"end":{"line":338,"column":5}},"72":{"start":{"line":340,"column":4},"end":{"line":344,"column":5}},"73":{"start":{"line":341,"column":6},"end":{"line":343,"column":9}},"74":{"start":{"line":346,"column":4},"end":{"line":349,"column":7}},"75":{"start":{"line":351,"column":4},"end":{"line":351,"column":21}},"76":{"start":{"line":352,"column":4},"end":{"line":354,"column":7}},"77":{"start":{"line":358,"column":22},"end":{"line":394,"column":1}},"78":{"start":{"line":359,"column":17},"end":{"line":359,"column":27}},"79":{"start":{"line":360,"column":68},"end":{"line":360,"column":76}},"80":{"start":{"line":362,"column":2},"end":{"line":393,"column":3}},"81":{"start":{"line":363,"column":19},"end":{"line":375,"column":5}},"82":{"start":{"line":377,"column":4},"end":{"line":381,"column":5}},"83":{"start":{"line":378,"column":6},"end":{"line":380,"column":9}},"84":{"start":{"line":383,"column":4},"end":{"line":386,"column":7}},"85":{"start":{"line":388,"column":4},"end":{"line":388,"column":21}},"86":{"start":{"line":390,"column":4},"end":{"line":392,"column":7}},"87":{"start":{"line":396,"column":0},"end":{"line":405,"column":2}}},"fnMap":{"0":{"name":"(anonymous_0)","decl":{"start":{"line":5,"column":19},"end":{"line":5,"column":20}},"loc":{"start":{"line":5,"column":39},"end":{"line":116,"column":1}},"line":5},"1":{"name":"(anonymous_1)","decl":{"start":{"line":118,"column":20},"end":{"line":118,"column":21}},"loc":{"start":{"line":118,"column":40},"end":{"line":165,"column":1}},"line":118},"2":{"name":"(anonymous_2)","decl":{"start":{"line":167,"column":22},"end":{"line":167,"column":23}},"loc":{"start":{"line":167,"column":42},"end":{"line":217,"column":1}},"line":167},"3":{"name":"(anonymous_3)","decl":{"start":{"line":219,"column":21},"end":{"line":219,"column":22}},"loc":{"start":{"line":219,"column":41},"end":{"line":252,"column":1}},"line":219},"4":{"name":"(anonymous_4)","decl":{"start":{"line":254,"column":20},"end":{"line":254,"column":21}},"loc":{"start":{"line":254,"column":40},"end":{"line":267,"column":1}},"line":254},"5":{"name":"(anonymous_5)","decl":{"start":{"line":269,"column":22},"end":{"line":269,"column":23}},"loc":{"start":{"line":269,"column":42},"end":{"line":323,"column":1}},"line":269},"6":{"name":"(anonymous_6)","decl":{"start":{"line":325,"column":22},"end":{"line":325,"column":23}},"loc":{"start":{"line":325,"column":42},"end":{"line":356,"column":1}},"line":325},"7":{"name":"(anonymous_7)","decl":{"start":{"line":358,"column":22},"end":{"line":358,"column":23}},"loc":{"start":{"line":358,"column":42},"end":{"line":394,"column":1}},"line":358}},"branchMap":{"0":{"loc":{"start":{"line":9,"column":4},"end":{"line":13,"column":5}},"type":"if","locations":[{"start":{"line":9,"column":4},"end":{"line":13,"column":5}},{"start":{},"end":{}}],"line":9},"1":{"loc":{"start":{"line":9,"column":8},"end":{"line":9,"column":68}},"type":"binary-expr","locations":[{"start":{"line":9,"column":8},"end":{"line":9,"column":16}},{"start":{"line":9,"column":20},"end":{"line":9,"column":27}},{"start":{"line":9,"column":31},"end":{"line":9,"column":50}},{"start":{"line":9,"column":54},"end":{"line":9,"column":59}},{"start":{"line":9,"column":63},"end":{"line":9,"column":68}}],"line":9},"2":{"loc":{"start":{"line":38,"column":12},"end":{"line":38,"column":60}},"type":"cond-expr","locations":[{"start":{"line":38,"column":38},"end":{"line":38,"column":48}},{"start":{"line":38,"column":51},"end":{"line":38,"column":60}}],"line":38},"3":{"loc":{"start":{"line":58,"column":6},"end":{"line":66,"column":7}},"type":"if","locations":[{"start":{"line":58,"column":6},"end":{"line":66,"column":7}},{"start":{},"end":{}}],"line":58},"4":{"loc":{"start":{"line":62,"column":10},"end":{"line":64,"column":36}},"type":"cond-expr","locations":[{"start":{"line":63,"column":14},"end":{"line":63,"column":35}},{"start":{"line":64,"column":14},"end":{"line":64,"column":36}}],"line":62},"5":{"loc":{"start":{"line":340,"column":4},"end":{"line":344,"column":5}},"type":"if","locations":[{"start":{"line":340,"column":4},"end":{"line":344,"column":5}},{"start":{},"end":{}}],"line":340},"6":{"loc":{"start":{"line":377,"column":4},"end":{"line":381,"column":5}},"type":"if","locations":[{"start":{"line":377,"column":4},"end":{"line":381,"column":5}},{"start":{},"end":{}}],"line":377}},"s":{"0":10,"1":10,"2":10,"3":10,"4":6,"5":6,"6":6,"7":1,"8":5,"9":4,"10":4,"11":4,"12":4,"13":4,"14":4,"15":4,"16":4,"17":4,"18":4,"19":4,"20":4,"21":4,"22":4,"23":4,"24":4,"25":4,"26":4,"27":0,"28":4,"29":1,"30":1,"31":10,"32":0,"33":0,"34":0,"35":0,"36":0,"37":10,"38":0,"39":0,"40":0,"41":0,"42":0,"43":0,"44":0,"45":0,"46":0,"47":0,"48":0,"49":10,"50":0,"51":0,"52":0,"53":0,"54":0,"55":10,"56":0,"57":0,"58":0,"59":0,"60":0,"61":10,"62":0,"63":0,"64":0,"65":0,"66":0,"67":0,"68":10,"69":0,"70":0,"71":0,"72":0,"73":0,"74":0,"75":0,"76":0,"77":10,"78":0,"79":0,"80":0,"81":0,"82":0,"83":0,"84":0,"85":0,"86":0,"87":10},"f":{"0":6,"1":0,"2":0,"3":0,"4":0,"5":0,"6":0,"7":0},"b":{"0":[1,5],"1":[6,5,5,5,5],"2":[4,0],"3":[4,0],"4":[0,4],"5":[0,0],"6":[0,0]},"_coverageSchema":"1a1c01bbd47fc00a2c39e90264f33305004495a9","hash":"64e8494493b010f8fbb12289c43b7d5c72792d22"}
,"C:\\Users\\Limbu Mbg Sujata\\HamroLaundry-Web\\Backend\\controller\\feedbackController.js": {"path":"C:\\Users\\Limbu Mbg Sujata\\HamroLaundry-Web\\Backend\\controller\\feedbackController.js","statementMap":{"0":{"start":{"line":1,"column":27},"end":{"line":1,"column":60}},"1":{"start":{"line":3,"column":23},"end":{"line":36,"column":1}},"2":{"start":{"line":4,"column":2},"end":{"line":35,"column":3}},"3":{"start":{"line":6,"column":20},"end":{"line":6,"column":31}},"4":{"start":{"line":9,"column":41},"end":{"line":9,"column":49}},"5":{"start":{"line":12,"column":4},"end":{"line":16,"column":5}},"6":{"start":{"line":13,"column":6},"end":{"line":15,"column":9}},"7":{"start":{"line":19,"column":24},"end":{"line":21,"column":16}},"8":{"start":{"line":24,"column":21},"end":{"line":24,"column":79}},"9":{"start":{"line":26,"column":4},"end":{"line":29,"column":7}},"10":{"start":{"line":31,"column":4},"end":{"line":34,"column":7}},"11":{"start":{"line":38,"column":0},"end":{"line":40,"column":2}}},"fnMap":{"0":{"name":"(anonymous_0)","decl":{"start":{"line":3,"column":23},"end":{"line":3,"column":24}},"loc":{"start":{"line":3,"column":43},"end":{"line":36,"column":1}},"line":3}},"branchMap":{"0":{"loc":{"start":{"line":12,"column":4},"end":{"line":16,"column":5}},"type":"if","locations":[{"start":{"line":12,"column":4},"end":{"line":16,"column":5}},{"start":{},"end":{}}],"line":12},"1":{"loc":{"start":{"line":12,"column":8},"end":{"line":12,"column":26}},"type":"binary-expr","locations":[{"start":{"line":12,"column":8},"end":{"line":12,"column":15}},{"start":{"line":12,"column":19},"end":{"line":12,"column":26}}],"line":12},"2":{"loc":{"start":{"line":19,"column":24},"end":{"line":21,"column":16}},"type":"cond-expr","locations":[{"start":{"line":20,"column":8},"end":{"line":20,"column":27}},{"start":{"line":21,"column":8},"end":{"line":21,"column":16}}],"line":19}},"s":{"0":10,"1":10,"2":0,"3":0,"4":0,"5":0,"6":0,"7":0,"8":0,"9":0,"10":0,"11":10},"f":{"0":0},"b":{"0":[0,0],"1":[0,0],"2":[0,0]},"_coverageSchema":"1a1c01bbd47fc00a2c39e90264f33305004495a9","hash":"0a5db80087857d8cb5ea93c343f48040f4364691"}
,"C:\\Users\\Limbu Mbg Sujata\\HamroLaundry-Web\\Backend\\controller\\receiptController.js": {"path":"C:\\Users\\Limbu Mbg Sujata\\HamroLaundry-Web\\Backend\\controller\\receiptController.js","statementMap":{"0":{"start":{"line":1,"column":20},"end":{"line":1,"column":37}},"1":{"start":{"line":2,"column":13},"end":{"line":2,"column":38}},"2":{"start":{"line":4,"column":24},"end":{"line":121,"column":1}},"3":{"start":{"line":5,"column":2},"end":{"line":120,"column":3}},"4":{"start":{"line":6,"column":19},"end":{"line":6,"column":29}},"5":{"start":{"line":9,"column":26},"end":{"line":25,"column":5}},"6":{"start":{"line":27,"column":4},"end":{"line":31,"column":5}},"7":{"start":{"line":28,"column":6},"end":{"line":30,"column":9}},"8":{"start":{"line":33,"column":20},"end":{"line":33,"column":41}},"9":{"start":{"line":36,"column":24},"end":{"line":48,"column":5}},"10":{"start":{"line":51,"column":16},"end":{"line":53,"column":6}},"11":{"start":{"line":55,"column":4},"end":{"line":58,"column":6}},"12":{"start":{"line":60,"column":4},"end":{"line":60,"column":53}},"13":{"start":{"line":62,"column":4},"end":{"line":62,"column":18}},"14":{"start":{"line":65,"column":4},"end":{"line":69,"column":9}},"15":{"start":{"line":71,"column":4},"end":{"line":75,"column":9}},"16":{"start":{"line":77,"column":4},"end":{"line":77,"column":19}},"17":{"start":{"line":79,"column":4},"end":{"line":79,"column":61}},"18":{"start":{"line":81,"column":4},"end":{"line":81,"column":43}},"19":{"start":{"line":82,"column":4},"end":{"line":82,"column":45}},"20":{"start":{"line":83,"column":4},"end":{"line":83,"column":46}},"21":{"start":{"line":84,"column":4},"end":{"line":84,"column":53}},"22":{"start":{"line":85,"column":4},"end":{"line":85,"column":53}},"23":{"start":{"line":86,"column":4},"end":{"line":86,"column":47}},"24":{"start":{"line":88,"column":4},"end":{"line":88,"column":19}},"25":{"start":{"line":90,"column":4},"end":{"line":90,"column":25}},"26":{"start":{"line":91,"column":4},"end":{"line":91,"column":61}},"27":{"start":{"line":93,"column":4},"end":{"line":97,"column":7}},"28":{"start":{"line":94,"column":6},"end":{"line":96,"column":8}},"29":{"start":{"line":99,"column":4},"end":{"line":99,"column":19}},"30":{"start":{"line":101,"column":4},"end":{"line":101,"column":61}},"31":{"start":{"line":103,"column":4},"end":{"line":103,"column":63}},"32":{"start":{"line":105,"column":4},"end":{"line":105,"column":20}},"33":{"start":{"line":107,"column":4},"end":{"line":111,"column":9}},"34":{"start":{"line":113,"column":4},"end":{"line":113,"column":14}},"35":{"start":{"line":115,"column":4},"end":{"line":115,"column":21}},"36":{"start":{"line":117,"column":4},"end":{"line":119,"column":7}},"37":{"start":{"line":123,"column":0},"end":{"line":125,"column":2}}},"fnMap":{"0":{"name":"(anonymous_0)","decl":{"start":{"line":4,"column":24},"end":{"line":4,"column":25}},"loc":{"start":{"line":4,"column":44},"end":{"line":121,"column":1}},"line":4},"1":{"name":"(anonymous_1)","decl":{"start":{"line":93,"column":29},"end":{"line":93,"column":30}},"loc":{"start":{"line":93,"column":39},"end":{"line":97,"column":5}},"line":93}},"branchMap":{"0":{"loc":{"start":{"line":27,"column":4},"end":{"line":31,"column":5}},"type":"if","locations":[{"start":{"line":27,"column":4},"end":{"line":31,"column":5}},{"start":{},"end":{}}],"line":27}},"s":{"0":10,"1":10,"2":10,"3":0,"4":0,"5":0,"6":0,"7":0,"8":0,"9":0,"10":0,"11":0,"12":0,"13":0,"14":0,"15":0,"16":0,"17":0,"18":0,"19":0,"20":0,"21":0,"22":0,"23":0,"24":0,"25":0,"26":0,"27":0,"28":0,"29":0,"30":0,"31":0,"32":0,"33":0,"34":0,"35":0,"36":0,"37":10},"f":{"0":0,"1":0},"b":{"0":[0,0]},"_coverageSchema":"1a1c01bbd47fc00a2c39e90264f33305004495a9","hash":"c2f25d8f78fe098fd78514744a31b15f93aaa252"}
,"C:\\Users\\Limbu Mbg Sujata\\HamroLaundry-Web\\Backend\\controller\\userController.js": {"path":"C:\\Users\\Limbu Mbg Sujata\\HamroLaundry-Web\\Backend\\controller\\userController.js","statementMap":{"0":{"start":{"line":13,"column":4},"end":{"line":13,"column":33}},"1":{"start":{"line":15,"column":15},"end":{"line":15,"column":32}},"2":{"start":{"line":16,"column":12},"end":{"line":16,"column":35}},"3":{"start":{"line":17,"column":15},"end":{"line":17,"column":32}},"4":{"start":{"line":18,"column":19},"end":{"line":18,"column":40}},"5":{"start":{"line":20,"column":16},"end":{"line":64,"column":1}},"6":{"start":{"line":21,"column":2},"end":{"line":63,"column":3}},"7":{"start":{"line":22,"column":4},"end":{"line":22,"column":26}},"8":{"start":{"line":23,"column":56},"end":{"line":23,"column":64}},"9":{"start":{"line":24,"column":18},"end":{"line":24,"column":53}},"10":{"start":{"line":25,"column":4},"end":{"line":30,"column":5}},"11":{"start":{"line":26,"column":6},"end":{"line":29,"column":9}},"12":{"start":{"line":33,"column":23},"end":{"line":33,"column":48}},"13":{"start":{"line":35,"column":4},"end":{"line":39,"column":5}},"14":{"start":{"line":36,"column":6},"end":{"line":38,"column":9}},"15":{"start":{"line":41,"column":25},"end":{"line":41,"column":56}},"16":{"start":{"line":42,"column":17},"end":{"line":49,"column":5}},"17":{"start":{"line":51,"column":4},"end":{"line":56,"column":5}},"18":{"start":{"line":52,"column":6},"end":{"line":55,"column":9}},"19":{"start":{"line":58,"column":4},"end":{"line":58,"column":21}},"20":{"start":{"line":59,"column":4},"end":{"line":62,"column":7}},"21":{"start":{"line":66,"column":17},"end":{"line":85,"column":1}},"22":{"start":{"line":67,"column":2},"end":{"line":84,"column":3}},"23":{"start":{"line":68,"column":23},"end":{"line":68,"column":32}},"24":{"start":{"line":70,"column":4},"end":{"line":74,"column":5}},"25":{"start":{"line":71,"column":6},"end":{"line":71,"column":38}},"26":{"start":{"line":73,"column":6},"end":{"line":73,"column":32}},"27":{"start":{"line":75,"column":4},"end":{"line":78,"column":7}},"28":{"start":{"line":80,"column":4},"end":{"line":83,"column":7}},"29":{"start":{"line":87,"column":14},"end":{"line":142,"column":1}},"30":{"start":{"line":88,"column":2},"end":{"line":141,"column":3}},"31":{"start":{"line":89,"column":4},"end":{"line":89,"column":26}},"32":{"start":{"line":90,"column":47},"end":{"line":90,"column":55}},"33":{"start":{"line":91,"column":4},"end":{"line":95,"column":5}},"34":{"start":{"line":92,"column":6},"end":{"line":94,"column":9}},"35":{"start":{"line":96,"column":17},"end":{"line":96,"column":42}},"36":{"start":{"line":97,"column":4},"end":{"line":101,"column":5}},"37":{"start":{"line":98,"column":6},"end":{"line":100,"column":9}},"38":{"start":{"line":103,"column":22},"end":{"line":103,"column":72}},"39":{"start":{"line":104,"column":4},"end":{"line":108,"column":5}},"40":{"start":{"line":105,"column":6},"end":{"line":107,"column":9}},"41":{"start":{"line":110,"column":18},"end":{"line":120,"column":5}},"42":{"start":{"line":122,"column":4},"end":{"line":134,"column":7}},"43":{"start":{"line":137,"column":4},"end":{"line":140,"column":7}},"44":{"start":{"line":143,"column":28},"end":{"line":161,"column":1}},"45":{"start":{"line":144,"column":2},"end":{"line":160,"column":3}},"46":{"start":{"line":145,"column":17},"end":{"line":145,"column":35}},"47":{"start":{"line":146,"column":4},"end":{"line":150,"column":5}},"48":{"start":{"line":147,"column":6},"end":{"line":149,"column":9}},"49":{"start":{"line":151,"column":4},"end":{"line":154,"column":7}},"50":{"start":{"line":156,"column":4},"end":{"line":159,"column":7}},"51":{"start":{"line":164,"column":22},"end":{"line":183,"column":1}},"52":{"start":{"line":165,"column":2},"end":{"line":182,"column":3}},"53":{"start":{"line":166,"column":19},"end":{"line":166,"column":29}},"54":{"start":{"line":167,"column":17},"end":{"line":167,"column":38}},"55":{"start":{"line":168,"column":4},"end":{"line":172,"column":5}},"56":{"start":{"line":169,"column":6},"end":{"line":171,"column":9}},"57":{"start":{"line":173,"column":4},"end":{"line":176,"column":7}},"58":{"start":{"line":178,"column":4},"end":{"line":181,"column":7}},"59":{"start":{"line":185,"column":25},"end":{"line":204,"column":1}},"60":{"start":{"line":186,"column":2},"end":{"line":203,"column":3}},"61":{"start":{"line":187,"column":19},"end":{"line":187,"column":29}},"62":{"start":{"line":188,"column":17},"end":{"line":188,"column":37}},"63":{"start":{"line":189,"column":4},"end":{"line":193,"column":5}},"64":{"start":{"line":190,"column":6},"end":{"line":192,"column":9}},"65":{"start":{"line":194,"column":4},"end":{"line":197,"column":7}},"66":{"start":{"line":199,"column":4},"end":{"line":202,"column":7}},"67":{"start":{"line":206,"column":23},"end":{"line":231,"column":1}},"68":{"start":{"line":207,"column":2},"end":{"line":230,"column":3}},"69":{"start":{"line":208,"column":4},"end":{"line":208,"column":26}},"70":{"start":{"line":209,"column":4},"end":{"line":209,"column":26}},"71":{"start":{"line":210,"column":15},"end":{"line":210,"column":28}},"72":{"start":{"line":211,"column":46},"end":{"line":211,"column":54}},"73":{"start":{"line":212,"column":18},"end":{"line":212,"column":53}},"74":{"start":{"line":214,"column":17},"end":{"line":214,"column":75}},"75":{"start":{"line":215,"column":4},"end":{"line":215,"column":39}},"76":{"start":{"line":217,"column":4},"end":{"line":221,"column":5}},"77":{"start":{"line":218,"column":6},"end":{"line":220,"column":9}},"78":{"start":{"line":222,"column":4},"end":{"line":225,"column":7}},"79":{"start":{"line":227,"column":4},"end":{"line":229,"column":7}},"80":{"start":{"line":233,"column":25},"end":{"line":264,"column":1}},"81":{"start":{"line":234,"column":2},"end":{"line":263,"column":3}},"82":{"start":{"line":235,"column":19},"end":{"line":235,"column":29}},"83":{"start":{"line":236,"column":45},"end":{"line":236,"column":53}},"84":{"start":{"line":238,"column":17},"end":{"line":238,"column":38}},"85":{"start":{"line":240,"column":4},"end":{"line":244,"column":5}},"86":{"start":{"line":241,"column":6},"end":{"line":243,"column":9}},"87":{"start":{"line":245,"column":20},"end":{"line":245,"column":72}},"88":{"start":{"line":247,"column":4},"end":{"line":251,"column":5}},"89":{"start":{"line":248,"column":6},"end":{"line":250,"column":9}},"90":{"start":{"line":252,"column":27},"end":{"line":252,"column":61}},"91":{"start":{"line":254,"column":4},"end":{"line":254,"column":45}},"92":{"start":{"line":256,"column":4},"end":{"line":258,"column":7}},"93":{"start":{"line":260,"column":4},"end":{"line":262,"column":7}},"94":{"start":{"line":266,"column":23},"end":{"line":330,"column":1}},"95":{"start":{"line":267,"column":2},"end":{"line":329,"column":3}},"96":{"start":{"line":268,"column":22},"end":{"line":268,"column":30}},"97":{"start":{"line":270,"column":4},"end":{"line":274,"column":5}},"98":{"start":{"line":271,"column":6},"end":{"line":273,"column":9}},"99":{"start":{"line":276,"column":17},"end":{"line":276,"column":42}},"100":{"start":{"line":278,"column":4},"end":{"line":282,"column":5}},"101":{"start":{"line":279,"column":6},"end":{"line":281,"column":9}},"102":{"start":{"line":285,"column":18},"end":{"line":285,"column":56}},"103":{"start":{"line":288,"column":19},"end":{"line":288,"column":56}},"104":{"start":{"line":291,"column":4},"end":{"line":291,"column":49}},"105":{"start":{"line":294,"column":22},"end":{"line":294,"column":69}},"106":{"start":{"line":297,"column":24},"end":{"line":303,"column":6}},"107":{"start":{"line":305,"column":4},"end":{"line":320,"column":7}},"108":{"start":{"line":322,"column":4},"end":{"line":324,"column":7}},"109":{"start":{"line":326,"column":4},"end":{"line":328,"column":7}},"110":{"start":{"line":332,"column":22},"end":{"line":369,"column":1}},"111":{"start":{"line":333,"column":2},"end":{"line":368,"column":3}},"112":{"start":{"line":334,"column":22},"end":{"line":334,"column":32}},"113":{"start":{"line":335,"column":25},"end":{"line":335,"column":33}},"114":{"start":{"line":337,"column":4},"end":{"line":341,"column":5}},"115":{"start":{"line":338,"column":6},"end":{"line":340,"column":9}},"116":{"start":{"line":344,"column":17},"end":{"line":344,"column":50}},"117":{"start":{"line":346,"column":4},"end":{"line":350,"column":5}},"118":{"start":{"line":347,"column":6},"end":{"line":349,"column":9}},"119":{"start":{"line":353,"column":27},"end":{"line":353,"column":58}},"120":{"start":{"line":356,"column":4},"end":{"line":356,"column":50}},"121":{"start":{"line":359,"column":4},"end":{"line":359,"column":35}},"122":{"start":{"line":361,"column":4},"end":{"line":363,"column":7}},"123":{"start":{"line":365,"column":4},"end":{"line":367,"column":7}},"124":{"start":{"line":371,"column":0},"end":{"line":382,"column":2}}},"fnMap":{"0":{"name":"(anonymous_0)","decl":{"start":{"line":20,"column":16},"end":{"line":20,"column":17}},"loc":{"start":{"line":20,"column":36},"end":{"line":64,"column":1}},"line":20},"1":{"name":"(anonymous_1)","decl":{"start":{"line":66,"column":17},"end":{"line":66,"column":18}},"loc":{"start":{"line":66,"column":37},"end":{"line":85,"column":1}},"line":66},"2":{"name":"(anonymous_2)","decl":{"start":{"line":87,"column":14},"end":{"line":87,"column":15}},"loc":{"start":{"line":87,"column":34},"end":{"line":142,"column":1}},"line":87},"3":{"name":"(anonymous_3)","decl":{"start":{"line":143,"column":28},"end":{"line":143,"column":29}},"loc":{"start":{"line":143,"column":48},"end":{"line":161,"column":1}},"line":143},"4":{"name":"(anonymous_4)","decl":{"start":{"line":164,"column":22},"end":{"line":164,"column":23}},"loc":{"start":{"line":164,"column":42},"end":{"line":183,"column":1}},"line":164},"5":{"name":"(anonymous_5)","decl":{"start":{"line":185,"column":25},"end":{"line":185,"column":26}},"loc":{"start":{"line":185,"column":45},"end":{"line":204,"column":1}},"line":185},"6":{"name":"(anonymous_6)","decl":{"start":{"line":206,"column":23},"end":{"line":206,"column":24}},"loc":{"start":{"line":206,"column":43},"end":{"line":231,"column":1}},"line":206},"7":{"name":"(anonymous_7)","decl":{"start":{"line":233,"column":25},"end":{"line":233,"column":26}},"loc":{"start":{"line":233,"column":45},"end":{"line":264,"column":1}},"line":233},"8":{"name":"(anonymous_8)","decl":{"start":{"line":266,"column":23},"end":{"line":266,"column":24}},"loc":{"start":{"line":266,"column":43},"end":{"line":330,"column":1}},"line":266},"9":{"name":"(anonymous_9)","decl":{"start":{"line":332,"column":22},"end":{"line":332,"column":23}},"loc":{"start":{"line":332,"column":42},"end":{"line":369,"column":1}},"line":332}},"branchMap":{"0":{"loc":{"start":{"line":24,"column":18},"end":{"line":24,"column":53}},"type":"cond-expr","locations":[{"start":{"line":24,"column":29},"end":{"line":24,"column":46}},{"start":{"line":24,"column":49},"end":{"line":24,"column":53}}],"line":24},"1":{"loc":{"start":{"line":25,"column":4},"end":{"line":30,"column":5}},"type":"if","locations":[{"start":{"line":25,"column":4},"end":{"line":30,"column":5}},{"start":{},"end":{}}],"line":25},"2":{"loc":{"start":{"line":25,"column":8},"end":{"line":25,"column":60}},"type":"binary-expr","locations":[{"start":{"line":25,"column":8},"end":{"line":25,"column":13}},{"start":{"line":25,"column":17},"end":{"line":25,"column":23}},{"start":{"line":25,"column":27},"end":{"line":25,"column":36}},{"start":{"line":25,"column":40},"end":{"line":25,"column":48}},{"start":{"line":25,"column":52},"end":{"line":25,"column":60}}],"line":25},"3":{"loc":{"start":{"line":35,"column":4},"end":{"line":39,"column":5}},"type":"if","locations":[{"start":{"line":35,"column":4},"end":{"line":39,"column":5}},{"start":{},"end":{}}],"line":35},"4":{"loc":{"start":{"line":51,"column":4},"end":{"line":56,"column":5}},"type":"if","locations":[{"start":{"line":51,"column":4},"end":{"line":56,"column":5}},{"start":{},"end":{}}],"line":51},"5":{"loc":{"start":{"line":70,"column":4},"end":{"line":74,"column":5}},"type":"if","locations":[{"start":{"line":70,"column":4},"end":{"line":74,"column":5}},{"start":{"line":72,"column":11},"end":{"line":74,"column":5}}],"line":70},"6":{"loc":{"start":{"line":91,"column":4},"end":{"line":95,"column":5}},"type":"if","locations":[{"start":{"line":91,"column":4},"end":{"line":95,"column":5}},{"start":{},"end":{}}],"line":91},"7":{"loc":{"start":{"line":91,"column":8},"end":{"line":91,"column":32}},"type":"binary-expr","locations":[{"start":{"line":91,"column":8},"end":{"line":91,"column":14}},{"start":{"line":91,"column":18},"end":{"line":91,"column":32}}],"line":91},"8":{"loc":{"start":{"line":97,"column":4},"end":{"line":101,"column":5}},"type":"if","locations":[{"start":{"line":97,"column":4},"end":{"line":101,"column":5}},{"start":{},"end":{}}],"line":97},"9":{"loc":{"start":{"line":104,"column":4},"end":{"line":108,"column":5}},"type":"if","locations":[{"start":{"line":104,"column":4},"end":{"line":108,"column":5}},{"start":{},"end":{}}],"line":104},"10":{"loc":{"start":{"line":146,"column":4},"end":{"line":150,"column":5}},"type":"if","locations":[{"start":{"line":146,"column":4},"end":{"line":150,"column":5}},{"start":{},"end":{}}],"line":146},"11":{"loc":{"start":{"line":146,"column":8},"end":{"line":146,"column":33}},"type":"binary-expr","locations":[{"start":{"line":146,"column":8},"end":{"line":146,"column":13}},{"start":{"line":146,"column":17},"end":{"line":146,"column":33}}],"line":146},"12":{"loc":{"start":{"line":168,"column":4},"end":{"line":172,"column":5}},"type":"if","locations":[{"start":{"line":168,"column":4},"end":{"line":172,"column":5}},{"start":{},"end":{}}],"line":168},"13":{"loc":{"start":{"line":189,"column":4},"end":{"line":193,"column":5}},"type":"if","locations":[{"start":{"line":189,"column":4},"end":{"line":193,"column":5}},{"start":{},"end":{}}],"line":189},"14":{"loc":{"start":{"line":212,"column":18},"end":{"line":212,"column":53}},"type":"cond-expr","locations":[{"start":{"line":212,"column":29},"end":{"line":212,"column":46}},{"start":{"line":212,"column":49},"end":{"line":212,"column":53}}],"line":212},"15":{"loc":{"start":{"line":217,"column":4},"end":{"line":221,"column":5}},"type":"if","locations":[{"start":{"line":217,"column":4},"end":{"line":221,"column":5}},{"start":{},"end":{}}],"line":217},"16":{"loc":{"start":{"line":240,"column":4},"end":{"line":244,"column":5}},"type":"if","locations":[{"start":{"line":240,"column":4},"end":{"line":244,"column":5}},{"start":{},"end":{}}],"line":240},"17":{"loc":{"start":{"line":247,"column":4},"end":{"line":251,"column":5}},"type":"if","locations":[{"start":{"line":247,"column":4},"end":{"line":251,"column":5}},{"start":{},"end":{}}],"line":247},"18":{"loc":{"start":{"line":270,"column":4},"end":{"line":274,"column":5}},"type":"if","locations":[{"start":{"line":270,"column":4},"end":{"line":274,"column":5}},{"start":{},"end":{}}],"line":270},"19":{"loc":{"start":{"line":278,"column":4},"end":{"line":282,"column":5}},"type":"if","locations":[{"start":{"line":278,"column":4},"end":{"line":282,"column":5}},{"start":{},"end":{}}],"line":278},"20":{"loc":{"start":{"line":337,"column":4},"end":{"line":341,"column":5}},"type":"if","locations":[{"start":{"line":337,"column":4},"end":{"line":341,"column":5}},{"start":{},"end":{}}],"line":337},"21":{"loc":{"start":{"line":346,"column":4},"end":{"line":350,"column":5}},"type":"if","locations":[{"start":{"line":346,"column":4},"end":{"line":350,"column":5}},{"start":{},"end":{}}],"line":346}},"s":{"0":10,"1":10,"2":10,"3":10,"4":10,"5":10,"6":6,"7":6,"8":6,"9":6,"10":6,"11":3,"12":3,"13":3,"14":2,"15":1,"16":1,"17":1,"18":1,"19":0,"20":0,"21":10,"22":0,"23":0,"24":0,"25":0,"26":0,"27":0,"28":0,"29":10,"30":6,"31":6,"32":6,"33":6,"34":2,"35":4,"36":3,"37":1,"38":2,"39":2,"40":1,"41":1,"42":1,"43":1,"44":10,"45":3,"46":3,"47":2,"48":1,"49":1,"50":1,"51":10,"52":3,"53":3,"54":3,"55":2,"56":1,"57":1,"58":1,"59":10,"60":6,"61":6,"62":6,"63":5,"64":2,"65":3,"66":1,"67":10,"68":6,"69":6,"70":6,"71":6,"72":6,"73":6,"74":6,"75":5,"76":5,"77":1,"78":4,"79":1,"80":10,"81":6,"82":6,"83":6,"84":6,"85":5,"86":1,"87":4,"88":4,"89":1,"90":3,"91":3,"92":3,"93":1,"94":10,"95":6,"96":6,"97":6,"98":1,"99":5,"100":4,"101":1,"102":3,"103":3,"104":3,"105":3,"106":3,"107":3,"108":2,"109":2,"110":10,"111":6,"112":6,"113":6,"114":6,"115":1,"116":5,"117":4,"118":1,"119":3,"120":3,"121":3,"122":3,"123":1,"124":10},"f":{"0":6,"1":0,"2":6,"3":3,"4":3,"5":6,"6":6,"7":6,"8":6,"9":6},"b":{"0":[0,6],"1":[3,3],"2":[6,5,4,3,3],"3":[2,1],"4":[1,0],"5":[0,0],"6":[2,4],"7":[6,5],"8":[1,2],"9":[1,1],"10":[1,1],"11":[2,2],"12":[1,1],"13":[2,3],"14":[0,6],"15":[1,4],"16":[1,4],"17":[1,3],"18":[1,5],"19":[1,3],"20":[1,5],"21":[1,3]},"_coverageSchema":"1a1c01bbd47fc00a2c39e90264f33305004495a9","hash":"2e648e56af34e51b9da7742517a71d95dd02dbb2"}
,"C:\\Users\\Limbu Mbg Sujata\\HamroLaundry-Web\\Backend\\database\\db.js": {"path":"C:\\Users\\Limbu Mbg Sujata\\HamroLaundry-Web\\Backend\\database\\db.js","statementMap":{"0":{"start":{"line":1,"column":15},"end":{"line":1,"column":32}},"1":{"start":{"line":2,"column":0},"end":{"line":2,"column":16}},"2":{"start":{"line":4,"column":17},"end":{"line":4,"column":30}},"3":{"start":{"line":6,"column":13},"end":{"line":12,"column":2}},"4":{"start":{"line":13,"column":0},"end":{"line":13,"column":22}}},"fnMap":{},"branchMap":{},"s":{"0":9,"1":9,"2":9,"3":9,"4":9},"f":{},"b":{},"_coverageSchema":"1a1c01bbd47fc00a2c39e90264f33305004495a9","hash":"4b8b859ea26b0e6c64835639aad7f2f79cfd9650"}
,"C:\\Users\\Limbu Mbg Sujata\\HamroLaundry-Web\\Backend\\middleware\\authMiddleware.js": {"path":"C:\\Users\\Limbu Mbg Sujata\\HamroLaundry-Web\\Backend\\middleware\\authMiddleware.js","statementMap":{"0":{"start":{"line":1,"column":16},"end":{"line":14,"column":1}},"1":{"start":{"line":2,"column":2},"end":{"line":13,"column":3}},"2":{"start":{"line":3,"column":4},"end":{"line":7,"column":5}},"3":{"start":{"line":4,"column":6},"end":{"line":6,"column":9}},"4":{"start":{"line":8,"column":4},"end":{"line":8,"column":11}},"5":{"start":{"line":10,"column":4},"end":{"line":12,"column":7}},"6":{"start":{"line":16,"column":0},"end":{"line":16,"column":29}}},"fnMap":{"0":{"name":"(anonymous_0)","decl":{"start":{"line":1,"column":16},"end":{"line":1,"column":17}},"loc":{"start":{"line":1,"column":36},"end":{"line":14,"column":1}},"line":1}},"branchMap":{"0":{"loc":{"start":{"line":3,"column":4},"end":{"line":7,"column":5}},"type":"if","locations":[{"start":{"line":3,"column":4},"end":{"line":7,"column":5}},{"start":{},"end":{}}],"line":3}},"s":{"0":9,"1":0,"2":0,"3":0,"4":0,"5":0,"6":9},"f":{"0":0},"b":{"0":[0,0]},"_coverageSchema":"1a1c01bbd47fc00a2c39e90264f33305004495a9","hash":"c3867aae9eccc218b135eb358f21fa52fa18419d"}
,"C:\\Users\\Limbu Mbg Sujata\\HamroLaundry-Web\\Backend\\middleware\\uploads.js": {"path":"C:\\Users\\Limbu Mbg Sujata\\HamroLaundry-Web\\Backend\\middleware\\uploads.js","statementMap":{"0":{"start":{"line":1,"column":15},"end":{"line":1,"column":32}},"1":{"start":{"line":2,"column":13},"end":{"line":2,"column":28}},"2":{"start":{"line":4,"column":16},"end":{"line":12,"column":2}},"3":{"start":{"line":6,"column":4},"end":{"line":6,"column":25}},"4":{"start":{"line":10,"column":4},"end":{"line":10,"column":59}},"5":{"start":{"line":14,"column":15},"end":{"line":14,"column":34}},"6":{"start":{"line":15,"column":0},"end":{"line":15,"column":24}}},"fnMap":{"0":{"name":"(anonymous_0)","decl":{"start":{"line":5,"column":15},"end":{"line":5,"column":16}},"loc":{"start":{"line":5,"column":40},"end":{"line":7,"column":3}},"line":5},"1":{"name":"(anonymous_1)","decl":{"start":{"line":9,"column":12},"end":{"line":9,"column":13}},"loc":{"start":{"line":9,"column":37},"end":{"line":11,"column":3}},"line":9}},"branchMap":{},"s":{"0":8,"1":8,"2":8,"3":0,"4":0,"5":8,"6":8},"f":{"0":0,"1":0},"b":{},"_coverageSchema":"1a1c01bbd47fc00a2c39e90264f33305004495a9","hash":"04c82e34648324e99567357b0c18867e71360910"}
,"C:\\Users\\Limbu Mbg Sujata\\HamroLaundry-Web\\Backend\\middleware\\verifyToken.js": {"path":"C:\\Users\\Limbu Mbg Sujata\\HamroLaundry-Web\\Backend\\middleware\\verifyToken.js","statementMap":{"0":{"start":{"line":1,"column":12},"end":{"line":1,"column":35}},"1":{"start":{"line":3,"column":20},"end":{"line":27,"column":1}},"2":{"start":{"line":4,"column":2},"end":{"line":26,"column":3}},"3":{"start":{"line":5,"column":23},"end":{"line":5,"column":48}},"4":{"start":{"line":7,"column":4},"end":{"line":11,"column":5}},"5":{"start":{"line":8,"column":6},"end":{"line":10,"column":9}},"6":{"start":{"line":13,"column":18},"end":{"line":13,"column":42}},"7":{"start":{"line":15,"column":20},"end":{"line":15,"column":61}},"8":{"start":{"line":17,"column":4},"end":{"line":17,"column":23}},"9":{"start":{"line":19,"column":4},"end":{"line":19,"column":11}},"10":{"start":{"line":21,"column":4},"end":{"line":21,"column":41}},"11":{"start":{"line":23,"column":4},"end":{"line":25,"column":7}},"12":{"start":{"line":29,"column":0},"end":{"line":29,"column":33}}},"fnMap":{"0":{"name":"(anonymous_0)","decl":{"start":{"line":3,"column":20},"end":{"line":3,"column":21}},"loc":{"start":{"line":3,"column":40},"end":{"line":27,"column":1}},"line":3}},"branchMap":{"0":{"loc":{"start":{"line":7,"column":4},"end":{"line":11,"column":5}},"type":"if","locations":[{"start":{"line":7,"column":4},"end":{"line":11,"column":5}},{"start":{},"end":{}}],"line":7},"1":{"loc":{"start":{"line":7,"column":8},"end":{"line":7,"column":56}},"type":"binary-expr","locations":[{"start":{"line":7,"column":8},"end":{"line":7,"column":19}},{"start":{"line":7,"column":23},"end":{"line":7,"column":56}}],"line":7}},"s":{"0":9,"1":9,"2":0,"3":0,"4":0,"5":0,"6":0,"7":0,"8":0,"9":0,"10":0,"11":0,"12":9},"f":{"0":0},"b":{"0":[0,0],"1":[0,0]},"_coverageSchema":"1a1c01bbd47fc00a2c39e90264f33305004495a9","hash":"c773def88b33e7f20a88d5369c9a66eb8200a45c"}
,"C:\\Users\\Limbu Mbg Sujata\\HamroLaundry-Web\\Backend\\model\\bookingModel.js": {"path":"C:\\Users\\Limbu Mbg Sujata\\HamroLaundry-Web\\Backend\\model\\bookingModel.js","statementMap":{"0":{"start":{"line":1,"column":13},"end":{"line":1,"column":38}},"1":{"start":{"line":4,"column":22},"end":{"line":19,"column":1}},"2":{"start":{"line":11,"column":17},"end":{"line":17,"column":3}},"3":{"start":{"line":18,"column":2},"end":{"line":18,"column":24}},"4":{"start":{"line":22,"column":26},"end":{"line":37,"column":1}},"5":{"start":{"line":28,"column":17},"end":{"line":34,"column":3}},"6":{"start":{"line":36,"column":2},"end":{"line":36,"column":24}},"7":{"start":{"line":39,"column":0},"end":{"line":42,"column":2}}},"fnMap":{"0":{"name":"(anonymous_0)","decl":{"start":{"line":4,"column":22},"end":{"line":4,"column":23}},"loc":{"start":{"line":10,"column":5},"end":{"line":19,"column":1}},"line":10},"1":{"name":"(anonymous_1)","decl":{"start":{"line":22,"column":26},"end":{"line":22,"column":27}},"loc":{"start":{"line":27,"column":5},"end":{"line":37,"column":1}},"line":27}},"branchMap":{},"s":{"0":9,"1":9,"2":0,"3":0,"4":9,"5":0,"6":0,"7":9},"f":{"0":0,"1":0},"b":{},"_coverageSchema":"1a1c01bbd47fc00a2c39e90264f33305004495a9","hash":"99ca0b6f4e323354cef0e4a983f60221a3828d7a"}
,"C:\\Users\\Limbu Mbg Sujata\\HamroLaundry-Web\\Backend\\model\\feedbackModel.js": {"path":"C:\\Users\\Limbu Mbg Sujata\\HamroLaundry-Web\\Backend\\model\\feedbackModel.js","statementMap":{"0":{"start":{"line":1,"column":13},"end":{"line":1,"column":38}},"1":{"start":{"line":3,"column":23},"end":{"line":13,"column":1}},"2":{"start":{"line":4,"column":17},"end":{"line":10,"column":3}},"3":{"start":{"line":12,"column":2},"end":{"line":12,"column":24}},"4":{"start":{"line":15,"column":0},"end":{"line":17,"column":2}}},"fnMap":{"0":{"name":"(anonymous_0)","decl":{"start":{"line":3,"column":23},"end":{"line":3,"column":24}},"loc":{"start":{"line":3,"column":68},"end":{"line":13,"column":1}},"line":3}},"branchMap":{},"s":{"0":10,"1":10,"2":0,"3":0,"4":10},"f":{"0":0},"b":{},"_coverageSchema":"1a1c01bbd47fc00a2c39e90264f33305004495a9","hash":"0dfdb88ab4649c574a43a07083ffa7c1dd6e2c47"}
,"C:\\Users\\Limbu Mbg Sujata\\HamroLaundry-Web\\Backend\\model\\userModel.js": {"path":"C:\\Users\\Limbu Mbg Sujata\\HamroLaundry-Web\\Backend\\model\\userModel.js","statementMap":{"0":{"start":{"line":1,"column":13},"end":{"line":1,"column":38}},"1":{"start":{"line":3,"column":19},"end":{"line":10,"column":1}},"2":{"start":{"line":4,"column":17},"end":{"line":7,"column":3}},"3":{"start":{"line":9,"column":2},"end":{"line":9,"column":24}},"4":{"start":{"line":11,"column":21},"end":{"line":16,"column":1}},"5":{"start":{"line":12,"column":17},"end":{"line":14,"column":4}},"6":{"start":{"line":15,"column":2},"end":{"line":15,"column":24}},"7":{"start":{"line":18,"column":19},"end":{"line":21,"column":1}},"8":{"start":{"line":19,"column":17},"end":{"line":19,"column":56}},"9":{"start":{"line":20,"column":2},"end":{"line":20,"column":21}},"10":{"start":{"line":23,"column":19},"end":{"line":29,"column":1}},"11":{"start":{"line":24,"column":17},"end":{"line":27,"column":3}},"12":{"start":{"line":28,"column":2},"end":{"line":28,"column":21}},"13":{"start":{"line":31,"column":20},"end":{"line":34,"column":1}},"14":{"start":{"line":32,"column":17},"end":{"line":32,"column":76}},"15":{"start":{"line":33,"column":2},"end":{"line":33,"column":24}},"16":{"start":{"line":36,"column":19},"end":{"line":39,"column":1}},"17":{"start":{"line":37,"column":17},"end":{"line":37,"column":74}},"18":{"start":{"line":38,"column":2},"end":{"line":38,"column":21}},"19":{"start":{"line":41,"column":19},"end":{"line":76,"column":1}},"20":{"start":{"line":44,"column":2},"end":{"line":73,"column":3}},"21":{"start":{"line":45,"column":4},"end":{"line":58,"column":6}},"22":{"start":{"line":60,"column":4},"end":{"line":72,"column":6}},"23":{"start":{"line":75,"column":2},"end":{"line":75,"column":24}},"24":{"start":{"line":78,"column":23},"end":{"line":85,"column":1}},"25":{"start":{"line":79,"column":17},"end":{"line":82,"column":3}},"26":{"start":{"line":84,"column":2},"end":{"line":84,"column":24}},"27":{"start":{"line":87,"column":23},"end":{"line":98,"column":1}},"28":{"start":{"line":88,"column":17},"end":{"line":95,"column":3}},"29":{"start":{"line":97,"column":2},"end":{"line":97,"column":24}},"30":{"start":{"line":100,"column":29},"end":{"line":110,"column":1}},"31":{"start":{"line":101,"column":17},"end":{"line":107,"column":3}},"32":{"start":{"line":109,"column":2},"end":{"line":109,"column":24}},"33":{"start":{"line":112,"column":24},"end":{"line":123,"column":1}},"34":{"start":{"line":113,"column":17},"end":{"line":120,"column":3}},"35":{"start":{"line":122,"column":2},"end":{"line":122,"column":24}},"36":{"start":{"line":125,"column":0},"end":{"line":137,"column":2}}},"fnMap":{"0":{"name":"(anonymous_0)","decl":{"start":{"line":3,"column":19},"end":{"line":3,"column":20}},"loc":{"start":{"line":3,"column":77},"end":{"line":10,"column":1}},"line":3},"1":{"name":"(anonymous_1)","decl":{"start":{"line":11,"column":21},"end":{"line":11,"column":22}},"loc":{"start":{"line":11,"column":38},"end":{"line":16,"column":1}},"line":11},"2":{"name":"(anonymous_2)","decl":{"start":{"line":18,"column":19},"end":{"line":18,"column":20}},"loc":{"start":{"line":18,"column":31},"end":{"line":21,"column":1}},"line":18},"3":{"name":"(anonymous_3)","decl":{"start":{"line":23,"column":19},"end":{"line":23,"column":20}},"loc":{"start":{"line":23,"column":38},"end":{"line":29,"column":1}},"line":23},"4":{"name":"(anonymous_4)","decl":{"start":{"line":31,"column":20},"end":{"line":31,"column":21}},"loc":{"start":{"line":31,"column":34},"end":{"line":34,"column":1}},"line":31},"5":{"name":"(anonymous_5)","decl":{"start":{"line":36,"column":19},"end":{"line":36,"column":20}},"loc":{"start":{"line":36,"column":33},"end":{"line":39,"column":1}},"line":36},"6":{"name":"(anonymous_6)","decl":{"start":{"line":41,"column":19},"end":{"line":41,"column":20}},"loc":{"start":{"line":41,"column":71},"end":{"line":76,"column":1}},"line":41},"7":{"name":"(anonymous_7)","decl":{"start":{"line":78,"column":23},"end":{"line":78,"column":24}},"loc":{"start":{"line":78,"column":47},"end":{"line":85,"column":1}},"line":78},"8":{"name":"(anonymous_8)","decl":{"start":{"line":87,"column":23},"end":{"line":87,"column":24}},"loc":{"start":{"line":87,"column":52},"end":{"line":98,"column":1}},"line":87},"9":{"name":"(anonymous_9)","decl":{"start":{"line":100,"column":29},"end":{"line":100,"column":30}},"loc":{"start":{"line":100,"column":46},"end":{"line":110,"column":1}},"line":100},"10":{"name":"(anonymous_10)","decl":{"start":{"line":112,"column":24},"end":{"line":112,"column":25}},"loc":{"start":{"line":112,"column":38},"end":{"line":123,"column":1}},"line":112}},"branchMap":{"0":{"loc":{"start":{"line":44,"column":2},"end":{"line":73,"column":3}},"type":"if","locations":[{"start":{"line":44,"column":2},"end":{"line":73,"column":3}},{"start":{"line":59,"column":9},"end":{"line":73,"column":3}}],"line":44}},"s":{"0":1,"1":1,"2":0,"3":0,"4":1,"5":0,"6":0,"7":1,"8":0,"9":0,"10":1,"11":0,"12":0,"13":1,"14":0,"15":0,"16":1,"17":0,"18":0,"19":1,"20":0,"21":0,"22":0,"23":0,"24":1,"25":0,"26":0,"27":1,"28":0,"29":0,"30":1,"31":0,"32":0,"33":1,"34":0,"35":0,"36":1},"f":{"0":0,"1":0,"2":0,"3":0,"4":0,"5":0,"6":0,"7":0,"8":0,"9":0,"10":0},"b":{"0":[0,0]},"_coverageSchema":"1a1c01bbd47fc00a2c39e90264f33305004495a9","hash":"4446724736d4aa52e93fd391a386e4053a3ca2bd"}
,"C:\\Users\\Limbu Mbg Sujata\\HamroLaundry-Web\\Backend\\routes\\bookingRoute.js": {"path":"C:\\Users\\Limbu Mbg Sujata\\HamroLaundry-Web\\Backend\\routes\\bookingRoute.js","statementMap":{"0":{"start":{"line":1,"column":16},"end":{"line":1,"column":34}},"1":{"start":{"line":2,"column":15},"end":{"line":2,"column":31}},"2":{"start":{"line":3,"column":28},"end":{"line":3,"column":70}},"3":{"start":{"line":14,"column":4},"end":{"line":14,"column":46}},"4":{"start":{"line":16,"column":0},"end":{"line":16,"column":43}},"5":{"start":{"line":19,"column":0},"end":{"line":19,"column":36}},"6":{"start":{"line":22,"column":0},"end":{"line":22,"column":42}},"7":{"start":{"line":24,"column":0},"end":{"line":24,"column":39}},"8":{"start":{"line":25,"column":0},"end":{"line":25,"column":37}},"9":{"start":{"line":26,"column":0},"end":{"line":26,"column":43}},"10":{"start":{"line":27,"column":0},"end":{"line":27,"column":50}},"11":{"start":{"line":28,"column":0},"end":{"line":28,"column":49}},"12":{"start":{"line":29,"column":0},"end":{"line":29,"column":44}},"13":{"start":{"line":31,"column":0},"end":{"line":31,"column":24}}},"fnMap":{},"branchMap":{},"s":{"0":10,"1":10,"2":10,"3":10,"4":10,"5":10,"6":10,"7":10,"8":10,"9":10,"10":10,"11":10,"12":10,"13":10},"f":{},"b":{},"_coverageSchema":"1a1c01bbd47fc00a2c39e90264f33305004495a9","hash":"6340d400bc4fe4aed3a1355c38cd86b539b718e2"}
,"C:\\Users\\Limbu Mbg Sujata\\HamroLaundry-Web\\Backend\\routes\\feedbackRoute.js": {"path":"C:\\Users\\Limbu Mbg Sujata\\HamroLaundry-Web\\Backend\\routes\\feedbackRoute.js","statementMap":{"0":{"start":{"line":1,"column":16},"end":{"line":1,"column":34}},"1":{"start":{"line":2,"column":15},"end":{"line":2,"column":31}},"2":{"start":{"line":4,"column":24},"end":{"line":4,"column":60}},"3":{"start":{"line":5,"column":27},"end":{"line":5,"column":70}},"4":{"start":{"line":8,"column":0},"end":{"line":8,"column":46}},"5":{"start":{"line":10,"column":0},"end":{"line":10,"column":24}}},"fnMap":{},"branchMap":{},"s":{"0":10,"1":10,"2":10,"3":10,"4":10,"5":10},"f":{},"b":{},"_coverageSchema":"1a1c01bbd47fc00a2c39e90264f33305004495a9","hash":"c968a18594d5d867f2242e113dcc0a8ed50eada9"}
,"C:\\Users\\Limbu Mbg Sujata\\HamroLaundry-Web\\Backend\\routes\\userRoute.js": {"path":"C:\\Users\\Limbu Mbg Sujata\\HamroLaundry-Web\\Backend\\routes\\userRoute.js","statementMap":{"0":{"start":{"line":13,"column":4},"end":{"line":13,"column":43}},"1":{"start":{"line":15,"column":16},"end":{"line":15,"column":34}},"2":{"start":{"line":16,"column":15},"end":{"line":16,"column":31}},"3":{"start":{"line":17,"column":15},"end":{"line":17,"column":47}},"4":{"start":{"line":18,"column":24},"end":{"line":18,"column":60}},"5":{"start":{"line":19,"column":20},"end":{"line":19,"column":59}},"6":{"start":{"line":21,"column":0},"end":{"line":21,"column":56}},"7":{"start":{"line":22,"column":0},"end":{"line":22,"column":52}},"8":{"start":{"line":23,"column":0},"end":{"line":23,"column":29}},"9":{"start":{"line":24,"column":0},"end":{"line":24,"column":65}},"10":{"start":{"line":25,"column":0},"end":{"line":25,"column":42}},"11":{"start":{"line":27,"column":0},"end":{"line":27,"column":52}},"12":{"start":{"line":28,"column":0},"end":{"line":28,"column":70}},"13":{"start":{"line":29,"column":0},"end":{"line":29,"column":48}},"14":{"start":{"line":30,"column":0},"end":{"line":30,"column":53}},"15":{"start":{"line":32,"column":0},"end":{"line":32,"column":24}}},"fnMap":{},"branchMap":{},"s":{"0":10,"1":10,"2":10,"3":10,"4":10,"5":10,"6":10,"7":10,"8":10,"9":10,"10":10,"11":10,"12":10,"13":10,"14":10,"15":10},"f":{},"b":{},"_coverageSchema":"1a1c01bbd47fc00a2c39e90264f33305004495a9","hash":"7a54e1109cbaf913f213720f4eb50a744334cddb"}
,"C:\\Users\\Limbu Mbg Sujata\\HamroLaundry-Web\\Backend\\utils\\sendEmail.js": {"path":"C:\\Users\\Limbu Mbg Sujata\\HamroLaundry-Web\\Backend\\utils\\sendEmail.js","statementMap":{"0":{"start":{"line":1,"column":19},"end":{"line":1,"column":40}},"1":{"start":{"line":3,"column":20},"end":{"line":9,"column":2}},"2":{"start":{"line":11,"column":25},"end":{"line":132,"column":1}},"3":{"start":{"line":21,"column":2},"end":{"line":131,"column":5}},"4":{"start":{"line":134,"column":0},"end":{"line":134,"column":34}}},"fnMap":{"0":{"name":"(anonymous_0)","decl":{"start":{"line":11,"column":25},"end":{"line":11,"column":26}},"loc":{"start":{"line":20,"column":6},"end":{"line":132,"column":1}},"line":20}},"branchMap":{"0":{"loc":{"start":{"line":15,"column":2},"end":{"line":15,"column":20}},"type":"default-arg","locations":[{"start":{"line":15,"column":11},"end":{"line":15,"column":20}}],"line":15},"1":{"loc":{"start":{"line":37,"column":10},"end":{"line":51,"column":16}},"type":"cond-expr","locations":[{"start":{"line":38,"column":14},"end":{"line":50,"column":15}},{"start":{"line":51,"column":14},"end":{"line":51,"column":16}}],"line":37},"2":{"loc":{"start":{"line":56,"column":12},"end":{"line":66,"column":63}},"type":"cond-expr","locations":[{"start":{"line":57,"column":16},"end":{"line":57,"column":91}},{"start":{"line":58,"column":16},"end":{"line":66,"column":63}}],"line":56},"3":{"loc":{"start":{"line":58,"column":16},"end":{"line":66,"column":63}},"type":"cond-expr","locations":[{"start":{"line":59,"column":18},"end":{"line":59,"column":84}},{"start":{"line":60,"column":18},"end":{"line":66,"column":63}}],"line":58},"4":{"loc":{"start":{"line":60,"column":18},"end":{"line":66,"column":63}},"type":"cond-expr","locations":[{"start":{"line":61,"column":20},"end":{"line":61,"column":79}},{"start":{"line":62,"column":20},"end":{"line":66,"column":63}}],"line":60},"5":{"loc":{"start":{"line":62,"column":20},"end":{"line":66,"column":63}},"type":"cond-expr","locations":[{"start":{"line":63,"column":22},"end":{"line":63,"column":102}},{"start":{"line":64,"column":22},"end":{"line":66,"column":63}}],"line":62},"6":{"loc":{"start":{"line":64,"column":22},"end":{"line":66,"column":63}},"type":"cond-expr","locations":[{"start":{"line":65,"column":24},"end":{"line":65,"column":106}},{"start":{"line":66,"column":24},"end":{"line":66,"column":63}}],"line":64}},"s":{"0":9,"1":9,"2":9,"3":0,"4":9},"f":{"0":0},"b":{"0":[0],"1":[0,0],"2":[0,0],"3":[0,0],"4":[0,0],"5":[0,0],"6":[0,0]},"_coverageSchema":"1a1c01bbd47fc00a2c39e90264f33305004495a9","hash":"98df9bb4ba2f287243bf8c4a364c3a7a18464ffc"}
}
