TN:
SF:server.js
FN:21,(anonymous_0)
FN:28,(anonymous_1)
FN:38,(anonymous_2)
FNF:3
FNH:0
FNDA:0,(anonymous_0)
FNDA:0,(anonymous_1)
FNDA:0,(anonymous_2)
DA:1,10
DA:2,10
DA:3,10
DA:4,10
DA:5,10
DA:6,10
DA:7,10
DA:8,10
DA:9,10
DA:11,10
DA:13,10
DA:14,10
DA:15,10
DA:16,10
DA:17,10
DA:19,10
DA:21,10
DA:22,0
DA:23,0
DA:26,10
DA:28,10
DA:29,0
DA:30,0
DA:37,10
DA:38,0
DA:39,0
DA:42,10
LF:27
LH:21
BRDA:19,0,0,10
BRDA:19,0,1,0
BRDA:37,1,0,0
BRDA:37,1,1,10
BRF:4
BRH:2
end_of_record
TN:
SF:controller\bookingController.js
FN:5,(anonymous_0)
FN:118,(anonymous_1)
FN:167,(anonymous_2)
FN:219,(anonymous_3)
FN:254,(anonymous_4)
FN:269,(anonymous_5)
FN:325,(anonymous_6)
FN:358,(anonymous_7)
FNF:8
FNH:1
FNDA:6,(anonymous_0)
FNDA:0,(anonymous_1)
FNDA:0,(anonymous_2)
FNDA:0,(anonymous_3)
FNDA:0,(anonymous_4)
FNDA:0,(anonymous_5)
FNDA:0,(anonymous_6)
FNDA:0,(anonymous_7)
DA:1,10
DA:2,10
DA:3,10
DA:5,10
DA:6,6
DA:7,6
DA:9,6
DA:10,1
DA:16,5
DA:18,4
DA:19,4
DA:22,4
DA:24,4
DA:31,4
DA:47,4
DA:49,4
DA:57,4
DA:58,4
DA:59,4
DA:62,4
DA:65,4
DA:69,4
DA:78,4
DA:80,4
DA:90,4
DA:91,4
DA:101,4
DA:103,0
DA:105,4
DA:110,1
DA:112,1
DA:118,10
DA:119,0
DA:120,0
DA:157,0
DA:159,0
DA:161,0
DA:167,10
DA:168,0
DA:169,0
DA:171,0
DA:173,0
DA:181,0
DA:184,0
DA:193,0
DA:196,0
DA:206,0
DA:211,0
DA:213,0
DA:219,10
DA:220,0
DA:221,0
DA:245,0
DA:247,0
DA:248,0
DA:254,10
DA:255,0
DA:256,0
DA:262,0
DA:264,0
DA:265,0
DA:269,10
DA:270,0
DA:272,0
DA:273,0
DA:316,0
DA:318,0
DA:319,0
DA:325,10
DA:326,0
DA:327,0
DA:329,0
DA:340,0
DA:341,0
DA:346,0
DA:351,0
DA:352,0
DA:358,10
DA:359,0
DA:360,0
DA:362,0
DA:363,0
DA:377,0
DA:378,0
DA:383,0
DA:388,0
DA:390,0
DA:396,10
LF:88
LH:38
BRDA:9,0,0,1
BRDA:9,0,1,5
BRDA:9,1,0,6
BRDA:9,1,1,5
BRDA:9,1,2,5
BRDA:9,1,3,5
BRDA:9,1,4,5
BRDA:38,2,0,4
BRDA:38,2,1,0
BRDA:58,3,0,4
BRDA:58,3,1,0
BRDA:62,4,0,0
BRDA:62,4,1,4
BRDA:340,5,0,0
BRDA:340,5,1,0
BRDA:377,6,0,0
BRDA:377,6,1,0
BRF:17
BRH:10
end_of_record
TN:
SF:controller\feedbackController.js
FN:3,(anonymous_0)
FNF:1
FNH:0
FNDA:0,(anonymous_0)
DA:1,10
DA:3,10
DA:4,0
DA:6,0
DA:9,0
DA:12,0
DA:13,0
DA:19,0
DA:24,0
DA:26,0
DA:31,0
DA:38,10
LF:12
LH:3
BRDA:12,0,0,0
BRDA:12,0,1,0
BRDA:12,1,0,0
BRDA:12,1,1,0
BRDA:19,2,0,0
BRDA:19,2,1,0
BRF:6
BRH:0
end_of_record
TN:
SF:controller\receiptController.js
FN:4,(anonymous_0)
FN:93,(anonymous_1)
FNF:2
FNH:0
FNDA:0,(anonymous_0)
FNDA:0,(anonymous_1)
DA:1,10
DA:2,10
DA:4,10
DA:5,0
DA:6,0
DA:9,0
DA:27,0
DA:28,0
DA:33,0
DA:36,0
DA:51,0
DA:55,0
DA:60,0
DA:62,0
DA:65,0
DA:71,0
DA:77,0
DA:79,0
DA:81,0
DA:82,0
DA:83,0
DA:84,0
DA:85,0
DA:86,0
DA:88,0
DA:90,0
DA:91,0
DA:93,0
DA:94,0
DA:99,0
DA:101,0
DA:103,0
DA:105,0
DA:107,0
DA:113,0
DA:115,0
DA:117,0
DA:123,10
LF:38
LH:4
BRDA:27,0,0,0
BRDA:27,0,1,0
BRF:2
BRH:0
end_of_record
TN:
SF:controller\userController.js
FN:20,(anonymous_0)
FN:66,(anonymous_1)
FN:87,(anonymous_2)
FN:143,(anonymous_3)
FN:164,(anonymous_4)
FN:185,(anonymous_5)
FN:206,(anonymous_6)
FN:233,(anonymous_7)
FN:266,(anonymous_8)
FN:332,(anonymous_9)
FNF:10
FNH:9
FNDA:6,(anonymous_0)
FNDA:0,(anonymous_1)
FNDA:6,(anonymous_2)
FNDA:3,(anonymous_3)
FNDA:3,(anonymous_4)
FNDA:6,(anonymous_5)
FNDA:6,(anonymous_6)
FNDA:6,(anonymous_7)
FNDA:6,(anonymous_8)
FNDA:6,(anonymous_9)
DA:13,10
DA:15,10
DA:16,10
DA:17,10
DA:18,10
DA:20,10
DA:21,6
DA:22,6
DA:23,6
DA:24,6
DA:25,6
DA:26,3
DA:33,3
DA:35,3
DA:36,2
DA:41,1
DA:42,1
DA:51,1
DA:52,1
DA:58,0
DA:59,0
DA:66,10
DA:67,0
DA:68,0
DA:70,0
DA:71,0
DA:73,0
DA:75,0
DA:80,0
DA:87,10
DA:88,6
DA:89,6
DA:90,6
DA:91,6
DA:92,2
DA:96,4
DA:97,3
DA:98,1
DA:103,2
DA:104,2
DA:105,1
DA:110,1
DA:122,1
DA:137,1
DA:143,10
DA:144,3
DA:145,3
DA:146,2
DA:147,1
DA:151,1
DA:156,1
DA:164,10
DA:165,3
DA:166,3
DA:167,3
DA:168,2
DA:169,1
DA:173,1
DA:178,1
DA:185,10
DA:186,6
DA:187,6
DA:188,6
DA:189,5
DA:190,2
DA:194,3
DA:199,1
DA:206,10
DA:207,6
DA:208,6
DA:209,6
DA:210,6
DA:211,6
DA:212,6
DA:214,6
DA:215,5
DA:217,5
DA:218,1
DA:222,4
DA:227,1
DA:233,10
DA:234,6
DA:235,6
DA:236,6
DA:238,6
DA:240,5
DA:241,1
DA:245,4
DA:247,4
DA:248,1
DA:252,3
DA:254,3
DA:256,3
DA:260,1
DA:266,10
DA:267,6
DA:268,6
DA:270,6
DA:271,1
DA:276,5
DA:278,4
DA:279,1
DA:285,3
DA:288,3
DA:291,3
DA:294,3
DA:297,3
DA:305,3
DA:322,2
DA:326,2
DA:332,10
DA:333,6
DA:334,6
DA:335,6
DA:337,6
DA:338,1
DA:344,5
DA:346,4
DA:347,1
DA:353,3
DA:356,3
DA:359,3
DA:361,3
DA:365,1
DA:371,10
LF:125
LH:116
BRDA:24,0,0,0
BRDA:24,0,1,6
BRDA:25,1,0,3
BRDA:25,1,1,3
BRDA:25,2,0,6
BRDA:25,2,1,5
BRDA:25,2,2,4
BRDA:25,2,3,3
BRDA:25,2,4,3
BRDA:35,3,0,2
BRDA:35,3,1,1
BRDA:51,4,0,1
BRDA:51,4,1,0
BRDA:70,5,0,0
BRDA:70,5,1,0
BRDA:91,6,0,2
BRDA:91,6,1,4
BRDA:91,7,0,6
BRDA:91,7,1,5
BRDA:97,8,0,1
BRDA:97,8,1,2
BRDA:104,9,0,1
BRDA:104,9,1,1
BRDA:146,10,0,1
BRDA:146,10,1,1
BRDA:146,11,0,2
BRDA:146,11,1,2
BRDA:168,12,0,1
BRDA:168,12,1,1
BRDA:189,13,0,2
BRDA:189,13,1,3
BRDA:212,14,0,0
BRDA:212,14,1,6
BRDA:217,15,0,1
BRDA:217,15,1,4
BRDA:240,16,0,1
BRDA:240,16,1,4
BRDA:247,17,0,1
BRDA:247,17,1,3
BRDA:270,18,0,1
BRDA:270,18,1,5
BRDA:278,19,0,1
BRDA:278,19,1,3
BRDA:337,20,0,1
BRDA:337,20,1,5
BRDA:346,21,0,1
BRDA:346,21,1,3
BRF:47
BRH:42
end_of_record
TN:
SF:database\db.js
FNF:0
FNH:0
DA:1,9
DA:2,9
DA:4,9
DA:6,9
DA:13,9
LF:5
LH:5
BRF:0
BRH:0
end_of_record
TN:
SF:middleware\authMiddleware.js
FN:1,(anonymous_0)
FNF:1
FNH:0
FNDA:0,(anonymous_0)
DA:1,9
DA:2,0
DA:3,0
DA:4,0
DA:8,0
DA:10,0
DA:16,9
LF:7
LH:2
BRDA:3,0,0,0
BRDA:3,0,1,0
BRF:2
BRH:0
end_of_record
TN:
SF:middleware\uploads.js
FN:5,(anonymous_0)
FN:9,(anonymous_1)
FNF:2
FNH:0
FNDA:0,(anonymous_0)
FNDA:0,(anonymous_1)
DA:1,8
DA:2,8
DA:4,8
DA:6,0
DA:10,0
DA:14,8
DA:15,8
LF:7
LH:5
BRF:0
BRH:0
end_of_record
TN:
SF:middleware\verifyToken.js
FN:3,(anonymous_0)
FNF:1
FNH:0
FNDA:0,(anonymous_0)
DA:1,9
DA:3,9
DA:4,0
DA:5,0
DA:7,0
DA:8,0
DA:13,0
DA:15,0
DA:17,0
DA:19,0
DA:21,0
DA:23,0
DA:29,9
LF:13
LH:3
BRDA:7,0,0,0
BRDA:7,0,1,0
BRDA:7,1,0,0
BRDA:7,1,1,0
BRF:4
BRH:0
end_of_record
TN:
SF:model\bookingModel.js
FN:4,(anonymous_0)
FN:22,(anonymous_1)
FNF:2
FNH:0
FNDA:0,(anonymous_0)
FNDA:0,(anonymous_1)
DA:1,9
DA:4,9
DA:11,0
DA:18,0
DA:22,9
DA:28,0
DA:36,0
DA:39,9
LF:8
LH:4
BRF:0
BRH:0
end_of_record
TN:
SF:model\feedbackModel.js
FN:3,(anonymous_0)
FNF:1
FNH:0
FNDA:0,(anonymous_0)
DA:1,10
DA:3,10
DA:4,0
DA:12,0
DA:15,10
LF:5
LH:3
BRF:0
BRH:0
end_of_record
TN:
SF:model\userModel.js
FN:3,(anonymous_0)
FN:11,(anonymous_1)
FN:18,(anonymous_2)
FN:23,(anonymous_3)
FN:31,(anonymous_4)
FN:36,(anonymous_5)
FN:41,(anonymous_6)
FN:78,(anonymous_7)
FN:87,(anonymous_8)
FN:100,(anonymous_9)
FN:112,(anonymous_10)
FNF:11
FNH:0
FNDA:0,(anonymous_0)
FNDA:0,(anonymous_1)
FNDA:0,(anonymous_2)
FNDA:0,(anonymous_3)
FNDA:0,(anonymous_4)
FNDA:0,(anonymous_5)
FNDA:0,(anonymous_6)
FNDA:0,(anonymous_7)
FNDA:0,(anonymous_8)
FNDA:0,(anonymous_9)
FNDA:0,(anonymous_10)
DA:1,1
DA:3,1
DA:4,0
DA:9,0
DA:11,1
DA:12,0
DA:15,0
DA:18,1
DA:19,0
DA:20,0
DA:23,1
DA:24,0
DA:28,0
DA:31,1
DA:32,0
DA:33,0
DA:36,1
DA:37,0
DA:38,0
DA:41,1
DA:44,0
DA:45,0
DA:60,0
DA:75,0
DA:78,1
DA:79,0
DA:84,0
DA:87,1
DA:88,0
DA:97,0
DA:100,1
DA:101,0
DA:109,0
DA:112,1
DA:113,0
DA:122,0
DA:125,1
LF:37
LH:13
BRDA:44,0,0,0
BRDA:44,0,1,0
BRF:2
BRH:0
end_of_record
TN:
SF:routes\bookingRoute.js
FNF:0
FNH:0
DA:1,10
DA:2,10
DA:3,10
DA:14,10
DA:16,10
DA:19,10
DA:22,10
DA:24,10
DA:25,10
DA:26,10
DA:27,10
DA:28,10
DA:29,10
DA:31,10
LF:14
LH:14
BRF:0
BRH:0
end_of_record
TN:
SF:routes\feedbackRoute.js
FNF:0
FNH:0
DA:1,10
DA:2,10
DA:4,10
DA:5,10
DA:8,10
DA:10,10
LF:6
LH:6
BRF:0
BRH:0
end_of_record
TN:
SF:routes\userRoute.js
FNF:0
FNH:0
DA:13,10
DA:15,10
DA:16,10
DA:17,10
DA:18,10
DA:19,10
DA:21,10
DA:22,10
DA:23,10
DA:24,10
DA:25,10
DA:27,10
DA:28,10
DA:29,10
DA:30,10
DA:32,10
LF:16
LH:16
BRF:0
BRH:0
end_of_record
TN:
SF:utils\sendEmail.js
FN:11,(anonymous_0)
FNF:1
FNH:0
FNDA:0,(anonymous_0)
DA:1,9
DA:3,9
DA:11,9
DA:21,0
DA:134,9
LF:5
LH:4
BRDA:15,0,0,0
BRDA:37,1,0,0
BRDA:37,1,1,0
BRDA:56,2,0,0
BRDA:56,2,1,0
BRDA:58,3,0,0
BRDA:58,3,1,0
BRDA:60,4,0,0
BRDA:60,4,1,0
BRDA:62,5,0,0
BRDA:62,5,1,0
BRDA:64,6,0,0
BRDA:64,6,1,0
BRF:13
BRH:0
end_of_record
